<html>
<head>
<title>TestNG:  Default test</title>
<link href="../testng.css" rel="stylesheet" type="text/css" />
<link href="../my-testng.css" rel="stylesheet" type="text/css" />

<style type="text/css">
.log { display: none;} 
.stack-trace { display: none;} 
</style>
<script type="text/javascript">
<!--
function flip(e) {
  current = e.style.display;
  if (current == 'block') {
    e.style.display = 'none';
    return 0;
  }
  else {
    e.style.display = 'block';
    return 1;
  }
}

function toggleBox(szDivId, elem, msg1, msg2)
{
  var res = -1;  if (document.getElementById) {
    res = flip(document.getElementById(szDivId));
  }
  else if (document.all) {
    // this is the way old msie versions work
    res = flip(document.all[szDivId]);
  }
  if(elem) {
    if(res == 0) elem.innerHTML = msg1; else elem.innerHTML = msg2;
  }

}

function toggleAllBoxes() {
  if (document.getElementsByTagName) {
    d = document.getElementsByTagName('div');
    for (i = 0; i < d.length; i++) {
      if (d[i].className == 'log') {
        flip(d[i]);
      }
    }
  }
}

// -->
</script>

</head>
<body>
<h2 align='center'>Default test</h2><table border='1' align="center">
<tr>
<td>Tests passed/Failed/Skipped:</td><td>2/2/0</td>
</tr><tr>
<td>Started on:</td><td>Sun Dec 15 22:09:30 IST 2024</td>
</tr>
<tr><td>Total time:</td><td>61 seconds (61334 ms)</td>
</tr><tr>
<td>Included groups:</td><td></td>
</tr><tr>
<td>Excluded groups:</td><td></td>
</tr>
</table><p/>
<small><i>(Hover the method name to see the test class name)</i></small><p/>
<table width='100%' border='1' class='invocation-failed'>
<tr><td colspan='4' align='center'><b>FAILED TESTS</b></td></tr>
<tr><td><b>Test method</b></td>
<td width="30%"><b>Exception</b></td>
<td width="10%"><b>Time (seconds)</b></td>
<td><b>Instance</b></td>
</tr>
<tr>
<td title='CucumberTest1.org.FinalPracticeCucumber.RunnerClass.runScenario()'><b>runScenario</b><br>Test class: CucumberTest1.org.FinalPracticeCucumber.RunnerClass<br>Test method: Runs Cucumber Scenarios<br>Parameters: "Add the product to the cart", "Check the Cart functionality"</td>
<td><div><pre>org.openqa.selenium.TimeoutException: Expected condition failed: waiting for visibility of element located by By.cssSelector: body.mat-typography:nth-child(2) app-nav-bar.mat-elevation-z6 mat-toolbar.mat-toolbar.mat-elevation-z4.mat-primary.mat-toolbar-multiple-rows mat-toolbar-row.mat-toolbar-row.justify-content-between div:nth-child(2) app-search:nth-child(1) form.ng-untouched.ng-pristine.ng-valid &gt; input.mat-mdc-autocomplete-trigger.searchbox.ng-valid.ng-touched.ng-dirty (tried for 10 second(s) with 500 milliseconds interval)
Build info: version: &apos;4.26.0&apos;, revision: &apos;8ccf0219d7&apos;
System info: os.name: &apos;Windows 11&apos;, os.arch: &apos;amd64&apos;, os.version: &apos;10.0&apos;, java.version: &apos;23&apos;
Driver info: org.openqa.selenium.chrome.ChromeDriver
Capabilities {acceptInsecureCerts: false, browserName: chrome, browserVersion: 131.0.6778.140, chrome: {chromedriverVersion: 131.0.6778.108 (3b014839fbc..., userDataDir: C:\Users\gokul\AppData\Loca...}, fedcm:accounts: true, goog:chromeOptions: {debuggerAddress: localhost:54105}, networkConnectionEnabled: false, pageLoadStrategy: normal, platformName: windows, proxy: Proxy(), se:cdp: ws://localhost:54105/devtoo..., se:cdpVersion: 131.0.6778.140, setWindowRect: true, strictFileInteractability: false, timeouts: {implicit: 0, pageLoad: 300000, script: 30000}, unhandledPromptBehavior: dismiss and notify, webauthn:extension:credBlob: true, webauthn:extension:largeBlob: true, webauthn:extension:minPinLength: true, webauthn:extension:prf: true, webauthn:virtualAuthenticators: true}
Session ID: 889f52e05ba358a9e800c993de1e732e
	at org.openqa.selenium.support.ui.WebDriverWait.timeoutException(WebDriverWait.java:84)
	at org.openqa.selenium.support.ui.FluentWait.until(FluentWait.java:228)
	at CucumberTest1.org.FinalPracticeCucumber.HomPage.searchBar(HomPage.java:29)
	at ✽.Enter the search value &quot;Curuk&quot;(file:///C:/Users/gokul/eclipse-workspace/FinalPracticeCucumber/src/test/java/Feature/addtoCart.feature:13)
</pre></div><a href='#' onClick='toggleBox("stack-trace2018664185", this, "Click to show all stack frames", "Click to hide stack frames")'>Click to show all stack frames</a>
<div class='stack-trace' id='stack-trace2018664185'><pre>org.openqa.selenium.TimeoutException: Expected condition failed: waiting for visibility of element located by By.cssSelector: body.mat-typography:nth-child(2) app-nav-bar.mat-elevation-z6 mat-toolbar.mat-toolbar.mat-elevation-z4.mat-primary.mat-toolbar-multiple-rows mat-toolbar-row.mat-toolbar-row.justify-content-between div:nth-child(2) app-search:nth-child(1) form.ng-untouched.ng-pristine.ng-valid &gt; input.mat-mdc-autocomplete-trigger.searchbox.ng-valid.ng-touched.ng-dirty (tried for 10 second(s) with 500 milliseconds interval)
Build info: version: &apos;4.26.0&apos;, revision: &apos;8ccf0219d7&apos;
System info: os.name: &apos;Windows 11&apos;, os.arch: &apos;amd64&apos;, os.version: &apos;10.0&apos;, java.version: &apos;23&apos;
Driver info: org.openqa.selenium.chrome.ChromeDriver
Capabilities {acceptInsecureCerts: false, browserName: chrome, browserVersion: 131.0.6778.140, chrome: {chromedriverVersion: 131.0.6778.108 (3b014839fbc..., userDataDir: C:\Users\gokul\AppData\Loca...}, fedcm:accounts: true, goog:chromeOptions: {debuggerAddress: localhost:54105}, networkConnectionEnabled: false, pageLoadStrategy: normal, platformName: windows, proxy: Proxy(), se:cdp: ws://localhost:54105/devtoo..., se:cdpVersion: 131.0.6778.140, setWindowRect: true, strictFileInteractability: false, timeouts: {implicit: 0, pageLoad: 300000, script: 30000}, unhandledPromptBehavior: dismiss and notify, webauthn:extension:credBlob: true, webauthn:extension:largeBlob: true, webauthn:extension:minPinLength: true, webauthn:extension:prf: true, webauthn:virtualAuthenticators: true}
Session ID: 889f52e05ba358a9e800c993de1e732e
	at org.openqa.selenium.support.ui.WebDriverWait.timeoutException(WebDriverWait.java:84)
	at org.openqa.selenium.support.ui.FluentWait.until(FluentWait.java:228)
	at CucumberTest1.org.FinalPracticeCucumber.HomPage.searchBar(HomPage.java:29)
	at ✽.Enter the search value &quot;Curuk&quot;(file:///C:/Users/gokul/eclipse-workspace/FinalPracticeCucumber/src/test/java/Feature/addtoCart.feature:13)
</pre></div></td>
<td>19</td>
<td>CucumberTest1.org.FinalPracticeCucumber.RunnerClass@4b2bac3f</td></tr>
<tr>
<td title='CucumberTest1.org.FinalPracticeCucumber.RunnerClass.runScenario()'><b>runScenario</b><br>Test class: CucumberTest1.org.FinalPracticeCucumber.RunnerClass<br>Test method: Runs Cucumber Scenarios<br>Parameters: "check the functionality of login with invalid data", "Check the login functionality"</td>
<td><div><pre>org.openqa.selenium.TimeoutException: Expected condition failed: waiting for visibility of element located by By.cssSelector: #mat-mdc-error-0 (tried for 10 second(s) with 500 milliseconds interval)
Build info: version: &apos;4.26.0&apos;, revision: &apos;8ccf0219d7&apos;
System info: os.name: &apos;Windows 11&apos;, os.arch: &apos;amd64&apos;, os.version: &apos;10.0&apos;, java.version: &apos;23&apos;
Driver info: org.openqa.selenium.chrome.ChromeDriver
Capabilities {acceptInsecureCerts: false, browserName: chrome, browserVersion: 131.0.6778.140, chrome: {chromedriverVersion: 131.0.6778.108 (3b014839fbc..., userDataDir: C:\Users\gokul\AppData\Loca...}, fedcm:accounts: true, goog:chromeOptions: {debuggerAddress: localhost:54170}, networkConnectionEnabled: false, pageLoadStrategy: normal, platformName: windows, proxy: Proxy(), se:cdp: ws://localhost:54170/devtoo..., se:cdpVersion: 131.0.6778.140, setWindowRect: true, strictFileInteractability: false, timeouts: {implicit: 0, pageLoad: 300000, script: 30000}, unhandledPromptBehavior: dismiss and notify, webauthn:extension:credBlob: true, webauthn:extension:largeBlob: true, webauthn:extension:minPinLength: true, webauthn:extension:prf: true, webauthn:virtualAuthenticators: true}
Session ID: 7253fc7834795313861f54f91234f56c
	at org.openqa.selenium.support.ui.WebDriverWait.timeoutException(WebDriverWait.java:84)
	at org.openqa.selenium.support.ui.FluentWait.until(FluentWait.java:228)
	at CucumberTest1.org.FinalPracticeCucumber.Loginpage.errorMessageCheck(Loginpage.java:51)
	at ✽.Check Error message(file:///C:/Users/gokul/eclipse-workspace/FinalPracticeCucumber/src/test/java/Feature/login.feature:19)
</pre></div><a href='#' onClick='toggleBox("stack-trace448131210", this, "Click to show all stack frames", "Click to hide stack frames")'>Click to show all stack frames</a>
<div class='stack-trace' id='stack-trace448131210'><pre>org.openqa.selenium.TimeoutException: Expected condition failed: waiting for visibility of element located by By.cssSelector: #mat-mdc-error-0 (tried for 10 second(s) with 500 milliseconds interval)
Build info: version: &apos;4.26.0&apos;, revision: &apos;8ccf0219d7&apos;
System info: os.name: &apos;Windows 11&apos;, os.arch: &apos;amd64&apos;, os.version: &apos;10.0&apos;, java.version: &apos;23&apos;
Driver info: org.openqa.selenium.chrome.ChromeDriver
Capabilities {acceptInsecureCerts: false, browserName: chrome, browserVersion: 131.0.6778.140, chrome: {chromedriverVersion: 131.0.6778.108 (3b014839fbc..., userDataDir: C:\Users\gokul\AppData\Loca...}, fedcm:accounts: true, goog:chromeOptions: {debuggerAddress: localhost:54170}, networkConnectionEnabled: false, pageLoadStrategy: normal, platformName: windows, proxy: Proxy(), se:cdp: ws://localhost:54170/devtoo..., se:cdpVersion: 131.0.6778.140, setWindowRect: true, strictFileInteractability: false, timeouts: {implicit: 0, pageLoad: 300000, script: 30000}, unhandledPromptBehavior: dismiss and notify, webauthn:extension:credBlob: true, webauthn:extension:largeBlob: true, webauthn:extension:minPinLength: true, webauthn:extension:prf: true, webauthn:virtualAuthenticators: true}
Session ID: 7253fc7834795313861f54f91234f56c
	at org.openqa.selenium.support.ui.WebDriverWait.timeoutException(WebDriverWait.java:84)
	at org.openqa.selenium.support.ui.FluentWait.until(FluentWait.java:228)
	at CucumberTest1.org.FinalPracticeCucumber.Loginpage.errorMessageCheck(Loginpage.java:51)
	at ✽.Check Error message(file:///C:/Users/gokul/eclipse-workspace/FinalPracticeCucumber/src/test/java/Feature/login.feature:19)
</pre></div></td>
<td>18</td>
<td>CucumberTest1.org.FinalPracticeCucumber.RunnerClass@4b2bac3f</td></tr>
</table><p>
<table width='100%' border='1' class='invocation-passed'>
<tr><td colspan='4' align='center'><b>PASSED TESTS</b></td></tr>
<tr><td><b>Test method</b></td>
<td width="30%"><b>Exception</b></td>
<td width="10%"><b>Time (seconds)</b></td>
<td><b>Instance</b></td>
</tr>
<tr>
<td title='CucumberTest1.org.FinalPracticeCucumber.RunnerClass.runScenario()'><b>runScenario</b><br>Test class: CucumberTest1.org.FinalPracticeCucumber.RunnerClass<br>Test method: Runs Cucumber Scenarios<br>Parameters: "Check the cart count", "Check the Cart functionality"</td>
<td></td>
<td>15</td>
<td>CucumberTest1.org.FinalPracticeCucumber.RunnerClass@4b2bac3f</td></tr>
<tr>
<td title='CucumberTest1.org.FinalPracticeCucumber.RunnerClass.runScenario()'><b>runScenario</b><br>Test class: CucumberTest1.org.FinalPracticeCucumber.RunnerClass<br>Test method: Runs Cucumber Scenarios<br>Parameters: "check the functionality of login with valid data", "Check the login functionality"</td>
<td></td>
<td>7</td>
<td>CucumberTest1.org.FinalPracticeCucumber.RunnerClass@4b2bac3f</td></tr>
</table><p>
</body>
</html>