<?xml version="1.0" encoding="UTF-8"?>
<!-- Generated by org.testng.reporters.JUnitXMLReporter -->
<testsuite ignored="0" hostname="PREMs_laptop" failures="1" tests="1" name="gecko" time="0.05" errors="0" timestamp="2024-10-05T10:54:14 IST">
  <testcase classname="testNG.Testng1.crossbrwTesting" name="amazon" time="0.0">
    <failure type="org.testng.TestNGException" message="
Parameter &amp;apos;browser&amp;apos; is required by @Test on method amazon but has not been marked @Optional or defined
in C:\Users\gokul\eclipse-workspace\Testng1\crss.xml">
      <![CDATA[org.testng.TestNGException: 
Parameter 'browser' is required by @Test on method amazon but has not been marked @Optional or defined
in C:\Users\gokul\eclipse-workspace\Testng1\crss.xml
at java.base/java.util.ArrayList.forEach(ArrayList.java:1597)
at java.base/java.util.concurrent.FutureTask.run(FutureTask.java:317)
at java.base/java.util.concurrent.ThreadPoolExecutor.runWorker(ThreadPoolExecutor.java:1144)
at java.base/java.util.concurrent.ThreadPoolExecutor$Worker.run(ThreadPoolExecutor.java:642)
at java.base/java.lang.Thread.run(Thread.java:1575)
... Removed 17 stack frames]]>
    </failure>
  </testcase> <!-- amazon -->
</testsuite> <!-- gecko -->
